[03-03-2024 19:49:29] - Undefined variable $welcome in C:\Users\floys\Desktop\верстка\лабораторки php\index.php:8

[03-03-2024 19:49:29] - Undefined array key "id" in C:\Users\floys\Desktop\верстка\лабораторки php\index.php:9

[03-03-2024 19:49:29] - trim(): Passing null to parameter #1 ($string) of type string is deprecated in C:\Users\floys\Desktop\верстка\лабораторки php\index.php:9

[03-03-2024 19:49:40] - Undefined variable $welcome in C:\Users\floys\Desktop\верстка\лабораторки php\index.php:8

[03-03-2024 19:49:40] - Undefined array key "id" in C:\Users\floys\Desktop\верстка\лабораторки php\index.php:9

[03-03-2024 19:49:40] - trim(): Passing null to parameter #1 ($string) of type string is deprecated in C:\Users\floys\Desktop\верстка\лабораторки php\index.php:9

[03-03-2024 19:55:43] - Undefined variable $welcome in C:\Users\floys\Desktop\верстка\лабораторки php\index.php:8

[03-03-2024 19:55:43] - Undefined array key "id" in C:\Users\floys\Desktop\верстка\лабораторки php\index.php:10

[03-03-2024 19:55:43] - trim(): Passing null to parameter #1 ($string) of type string is deprecated in C:\Users\floys\Desktop\верстка\лабораторки php\index.php:10

[03-03-2024 19:56:39] - Undefined variable $welcome in C:\Users\floys\Desktop\верстка\лабораторки php\index.php:8

[03-03-2024 19:56:39] - Undefined array key "id" in C:\Users\floys\Desktop\верстка\лабораторки php\index.php:10

[03-03-2024 19:56:39] - trim(): Passing null to parameter #1 ($string) of type string is deprecated in C:\Users\floys\Desktop\верстка\лабораторки php\index.php:10

[04-03-2024 08:11:19] - Undefined array key "id" in C:\Users\floys\Desktop\верстка\лабораторки php\index.php:9

[04-03-2024 08:11:19] - trim(): Passing null to parameter #1 ($string) of type string is deprecated in C:\Users\floys\Desktop\верстка\лабораторки php\index.php:9

[04-03-2024 08:11:37] - Undefined array key "id" in C:\Users\floys\Desktop\верстка\лабораторки php\index.php:9

[04-03-2024 08:11:37] - trim(): Passing null to parameter #1 ($string) of type string is deprecated in C:\Users\floys\Desktop\верстка\лабораторки php\index.php:9

[04-03-2024 08:13:12] - Undefined array key "id" in C:\Users\floys\Desktop\верстка\лабораторки php\index.php:9

[04-03-2024 08:13:12] - trim(): Passing null to parameter #1 ($string) of type string is deprecated in C:\Users\floys\Desktop\верстка\лабораторки php\index.php:9

[04-03-2024 08:13:12] - Undefined array key "id" in C:\Users\floys\Desktop\верстка\лабораторки php\index.php:9

[04-03-2024 08:13:12] - trim(): Passing null to parameter #1 ($string) of type string is deprecated in C:\Users\floys\Desktop\верстка\лабораторки php\index.php:9

[04-03-2024 08:13:13] - Undefined array key "id" in C:\Users\floys\Desktop\верстка\лабораторки php\index.php:9

[04-03-2024 08:13:13] - trim(): Passing null to parameter #1 ($string) of type string is deprecated in C:\Users\floys\Desktop\верстка\лабораторки php\index.php:9

[04-03-2024 08:13:13] - Undefined array key "id" in C:\Users\floys\Desktop\верстка\лабораторки php\index.php:9

[04-03-2024 08:13:13] - trim(): Passing null to parameter #1 ($string) of type string is deprecated in C:\Users\floys\Desktop\верстка\лабораторки php\index.php:9

[04-03-2024 08:13:13] - Undefined array key "id" in C:\Users\floys\Desktop\верстка\лабораторки php\index.php:9

[04-03-2024 08:13:13] - trim(): Passing null to parameter #1 ($string) of type string is deprecated in C:\Users\floys\Desktop\верстка\лабораторки php\index.php:9

[04-03-2024 08:13:14] - Undefined array key "id" in C:\Users\floys\Desktop\верстка\лабораторки php\index.php:9

[04-03-2024 08:13:14] - trim(): Passing null to parameter #1 ($string) of type string is deprecated in C:\Users\floys\Desktop\верстка\лабораторки php\index.php:9

[04-03-2024 08:13:15] - Undefined array key "id" in C:\Users\floys\Desktop\верстка\лабораторки php\index.php:9

[04-03-2024 08:13:15] - trim(): Passing null to parameter #1 ($string) of type string is deprecated in C:\Users\floys\Desktop\верстка\лабораторки php\index.php:9

[04-03-2024 08:13:15] - Undefined array key "id" in C:\Users\floys\Desktop\верстка\лабораторки php\index.php:9

[04-03-2024 08:13:15] - trim(): Passing null to parameter #1 ($string) of type string is deprecated in C:\Users\floys\Desktop\верстка\лабораторки php\index.php:9

[04-03-2024 08:13:15] - Undefined array key "id" in C:\Users\floys\Desktop\верстка\лабораторки php\index.php:9

[04-03-2024 08:13:15] - trim(): Passing null to parameter #1 ($string) of type string is deprecated in C:\Users\floys\Desktop\верстка\лабораторки php\index.php:9

[04-03-2024 08:13:18] - Undefined array key "id" in C:\Users\floys\Desktop\верстка\лабораторки php\index.php:9

[04-03-2024 08:13:18] - trim(): Passing null to parameter #1 ($string) of type string is deprecated in C:\Users\floys\Desktop\верстка\лабораторки php\index.php:9

[04-03-2024 08:13:27] - Undefined array key "id" in C:\Users\floys\Desktop\верстка\лабораторки php\index.php:9

[04-03-2024 08:13:27] - trim(): Passing null to parameter #1 ($string) of type string is deprecated in C:\Users\floys\Desktop\верстка\лабораторки php\index.php:9

[04-03-2024 08:19:08] - Undefined array key "id" in C:\Users\floys\Desktop\верстка\лабораторки php\index.php:9

[04-03-2024 08:19:08] - trim(): Passing null to parameter #1 ($string) of type string is deprecated in C:\Users\floys\Desktop\верстка\лабораторки php\index.php:9

[04-03-2024 08:19:09] - Undefined array key "id" in C:\Users\floys\Desktop\верстка\лабораторки php\index.php:9

[04-03-2024 08:19:09] - trim(): Passing null to parameter #1 ($string) of type string is deprecated in C:\Users\floys\Desktop\верстка\лабораторки php\index.php:9

[04-03-2024 08:19:10] - Undefined array key "id" in C:\Users\floys\Desktop\верстка\лабораторки php\index.php:9

[04-03-2024 08:19:10] - trim(): Passing null to parameter #1 ($string) of type string is deprecated in C:\Users\floys\Desktop\верстка\лабораторки php\index.php:9

[04-03-2024 08:19:16] - Undefined array key "id" in C:\Users\floys\Desktop\верстка\лабораторки php\index.php:9

[04-03-2024 08:19:16] - trim(): Passing null to parameter #1 ($string) of type string is deprecated in C:\Users\floys\Desktop\верстка\лабораторки php\index.php:9

[04-03-2024 08:19:25] - Undefined array key "id" in C:\Users\floys\Desktop\верстка\лабораторки php\index.php:9

[04-03-2024 08:19:25] - trim(): Passing null to parameter #1 ($string) of type string is deprecated in C:\Users\floys\Desktop\верстка\лабораторки php\index.php:9

[04-03-2024 08:20:21] - Undefined array key "id" in C:\Users\floys\Desktop\верстка\лабораторки php\index.php:9

[04-03-2024 08:20:21] - trim(): Passing null to parameter #1 ($string) of type string is deprecated in C:\Users\floys\Desktop\верстка\лабораторки php\index.php:9

[04-03-2024 08:20:22] - Undefined array key "id" in C:\Users\floys\Desktop\верстка\лабораторки php\index.php:9

[04-03-2024 08:20:22] - trim(): Passing null to parameter #1 ($string) of type string is deprecated in C:\Users\floys\Desktop\верстка\лабораторки php\index.php:9

[04-03-2024 08:20:25] - Undefined array key "id" in C:\Users\floys\Desktop\верстка\лабораторки php\index.php:9

[04-03-2024 08:20:25] - trim(): Passing null to parameter #1 ($string) of type string is deprecated in C:\Users\floys\Desktop\верстка\лабораторки php\index.php:9

[04-03-2024 08:20:28] - Undefined array key "id" in C:\Users\floys\Desktop\верстка\лабораторки php\index.php:9

[04-03-2024 08:20:28] - trim(): Passing null to parameter #1 ($string) of type string is deprecated in C:\Users\floys\Desktop\верстка\лабораторки php\index.php:9

[04-03-2024 08:20:56] - Undefined array key "id" in C:\Users\floys\Desktop\верстка\лабораторки php\index.php:9

[04-03-2024 08:20:56] - trim(): Passing null to parameter #1 ($string) of type string is deprecated in C:\Users\floys\Desktop\верстка\лабораторки php\index.php:9

[04-03-2024 08:20:57] - Undefined array key "id" in C:\Users\floys\Desktop\верстка\лабораторки php\index.php:9

[04-03-2024 08:20:57] - trim(): Passing null to parameter #1 ($string) of type string is deprecated in C:\Users\floys\Desktop\верстка\лабораторки php\index.php:9

[04-03-2024 08:26:49] - Undefined variable $cols in C:\Users\floys\Desktop\верстка\лабораторки php\table.php:6

[04-03-2024 08:26:49] - Undefined variable $rows in C:\Users\floys\Desktop\верстка\лабораторки php\table.php:7

[04-03-2024 08:26:50] - Undefined variable $cols in C:\Users\floys\Desktop\верстка\лабораторки php\table.php:6

[04-03-2024 08:26:50] - Undefined variable $rows in C:\Users\floys\Desktop\верстка\лабораторки php\table.php:7

[04-03-2024 08:26:51] - Undefined variable $cols in C:\Users\floys\Desktop\верстка\лабораторки php\table.php:6

[04-03-2024 08:26:51] - Undefined variable $rows in C:\Users\floys\Desktop\верстка\лабораторки php\table.php:7

[04-03-2024 08:27:45] - Undefined variable $cols in C:\Users\floys\Desktop\верстка\лабораторки php\table.php:9

[04-03-2024 08:27:45] - Undefined variable $rows in C:\Users\floys\Desktop\верстка\лабораторки php\table.php:10

[04-03-2024 08:27:46] - Undefined variable $cols in C:\Users\floys\Desktop\верстка\лабораторки php\table.php:9

[04-03-2024 08:27:46] - Undefined variable $rows in C:\Users\floys\Desktop\верстка\лабораторки php\table.php:10

[04-03-2024 08:30:15] - Undefined variable $cols in C:\Users\floys\Desktop\верстка\лабораторки php\table.php:27

[04-03-2024 08:30:15] - Undefined variable $rows in C:\Users\floys\Desktop\верстка\лабораторки php\table.php:27

[04-03-2024 08:30:23] - Undefined array key "id" in C:\Users\floys\Desktop\верстка\лабораторки php\index.php:9

[04-03-2024 08:30:23] - trim(): Passing null to parameter #1 ($string) of type string is deprecated in C:\Users\floys\Desktop\верстка\лабораторки php\index.php:9

[04-03-2024 08:30:25] - Undefined variable $cols in C:\Users\floys\Desktop\верстка\лабораторки php\table.php:27

[04-03-2024 08:30:25] - Undefined variable $rows in C:\Users\floys\Desktop\верстка\лабораторки php\table.php:27

[04-03-2024 08:30:27] - Undefined array key "id" in C:\Users\floys\Desktop\верстка\лабораторки php\index.php:9

[04-03-2024 08:30:27] - trim(): Passing null to parameter #1 ($string) of type string is deprecated in C:\Users\floys\Desktop\верстка\лабораторки php\index.php:9

[04-03-2024 08:30:33] - Undefined variable $cols in C:\Users\floys\Desktop\верстка\лабораторки php\table.php:27

[04-03-2024 08:30:33] - Undefined variable $rows in C:\Users\floys\Desktop\верстка\лабораторки php\table.php:27

[04-03-2024 08:33:00] - Undefined array key "id" in C:\Users\floys\Desktop\верстка\лабораторки php\index.php:9

[04-03-2024 08:33:00] - trim(): Passing null to parameter #1 ($string) of type string is deprecated in C:\Users\floys\Desktop\верстка\лабораторки php\index.php:9

[04-03-2024 08:33:02] - Undefined variable $cols in C:\Users\floys\Desktop\верстка\лабораторки php\table.php:6

[04-03-2024 08:33:02] - Undefined variable $rows in C:\Users\floys\Desktop\верстка\лабораторки php\table.php:7

[04-03-2024 08:34:08] - Undefined variable $cols in C:\Users\floys\Desktop\верстка\лабораторки php\table.php:6

[04-03-2024 08:34:08] - Undefined variable $rows in C:\Users\floys\Desktop\верстка\лабораторки php\table.php:7

[04-03-2024 08:34:08] - Undefined array key "cols" in C:\Users\floys\Desktop\верстка\лабораторки php\table.php:13

[04-03-2024 08:34:08] - Undefined array key "rows" in C:\Users\floys\Desktop\верстка\лабораторки php\table.php:17

[04-03-2024 08:44:10] - Undefined variable $cols in C:\Users\floys\Desktop\верстка\лабораторки php\table.php:6

[04-03-2024 08:44:10] - Undefined variable $rows in C:\Users\floys\Desktop\верстка\лабораторки php\table.php:7

[04-03-2024 08:44:20] - Undefined variable $cols in C:\Users\floys\Desktop\верстка\лабораторки php\table.php:6

[04-03-2024 08:44:20] - Undefined variable $rows in C:\Users\floys\Desktop\верстка\лабораторки php\table.php:7

[04-03-2024 08:46:14] - Undefined variable $cols in C:\Users\floys\Desktop\верстка\лабораторки php\table.php:6

[04-03-2024 08:46:14] - Undefined variable $rows in C:\Users\floys\Desktop\верстка\лабораторки php\table.php:7

[04-03-2024 08:46:55] - Undefined variable $rows in C:\Users\floys\Desktop\верстка\лабораторки php\table.php:7

[04-03-2024 11:50:35] - Undefined array key "id" in C:\Users\User\Desktop\моя папка\верстка\php single page website\php-project\index.php:9

[04-03-2024 12:11:37] - Undefined array key "id" in C:\Users\User\Desktop\моя папка\верстка\php single page website\php-project\index.php:9

[04-03-2024 12:11:40] - Undefined array key "id" in C:\Users\User\Desktop\моя папка\верстка\php single page website\php-project\index.php:9

[04-03-2024 12:12:59] - Undefined array key "id" in C:\Users\User\Desktop\моя папка\верстка\php single page website\php-project\index.php:10

[04-03-2024 12:13:02] - Undefined array key "id" in C:\Users\User\Desktop\моя папка\верстка\php single page website\php-project\index.php:10

[04-03-2024 12:13:03] - Undefined array key "id" in C:\Users\User\Desktop\моя папка\верстка\php single page website\php-project\index.php:10

[04-03-2024 12:13:23] - Undefined array key "id" in C:\Users\User\Desktop\моя папка\верстка\php single page website\php-project\index.php:10

